<?xml version="1.0" encoding="UTF-8"?>
<!-- Generated by org.testng.reporters.JUnitReportReporter -->
<testsuite hostname="Ames-MBP" failures="0" tests="1" name="Training.Tests.StandAloneTestDuplicate" time="19.045" errors="0" timestamp="2024-08-04T01:35:27 SGT" skipped="0">
  <testcase classname="Training.Tests.StandAloneTestDuplicate" name="StandAlonsTest" time="19.045"/>
</testsuite> <!-- Training.Tests.StandAloneTestDuplicate -->
