<?xml version="1.0" encoding="UTF-8"?>
<!-- Generated by org.testng.reporters.JUnitReportReporter -->
<testsuite hostname="Ames-MBP" failures="0" tests="2" name="Training.Tests.SubmitOrderHashMapTest" time="22.470" errors="0" timestamp="2024-08-08T00:31:14 SGT" skipped="0">
  <testcase classname="Training.Tests.SubmitOrderHashMapTest" name="SubmitOrder" time="11.195"/>
  <testcase classname="Training.Tests.SubmitOrderHashMapTest" name="SubmitOrder" time="11.275"/>
</testsuite> <!-- Training.Tests.SubmitOrderHashMapTest -->
