<?xml version="1.0" encoding="UTF-8"?>
<!-- Generated by org.testng.reporters.JUnitReportReporter -->
<testsuite hostname="Ames-MBP" failures="0" tests="3" name="Training.Tests.SubmitOrderTest" time="57.875" errors="0" timestamp="2024-11-06T01:55:41 SGT" skipped="0">
  <testcase classname="Training.Tests.SubmitOrderTest" name="ProductVerify" time="13.524"/>
  <testcase classname="Training.Tests.SubmitOrderTest" name="SubmitOrder" time="19.434"/>
  <testcase classname="Training.Tests.SubmitOrderTest" name="SubmitOrder" time="24.917"/>
</testsuite> <!-- Training.Tests.SubmitOrderTest -->
