<?xml version="1.0" encoding="UTF-8"?>
<!-- Generated by org.testng.reporters.JUnitReportReporter -->
<testsuite hostname="Ames-MBP" failures="0" tests="2" name="Training.Tests.SubmitOrderHashMapTest" time="42.082" errors="0" timestamp="2024-12-03T00:07:29 SGT" skipped="0">
  <testcase classname="Training.Tests.SubmitOrderHashMapTest" name="SubmitOrder" time="20.936"/>
  <testcase classname="Training.Tests.SubmitOrderHashMapTest" name="SubmitOrder" time="21.146"/>
</testsuite> <!-- Training.Tests.SubmitOrderHashMapTest -->
