<?xml version="1.0" encoding="UTF-8"?>
<!-- Generated by org.testng.reporters.JUnitReportReporter -->
<testsuite hostname="Ames-MBP" failures="0" tests="1" name="cucumber.TestNGRunner" time="23.711" errors="0" timestamp="2024-12-05T02:17:31 SGT" skipped="0">
  <testcase classname="cucumber.TestNGRunner" name="runScenario" time="23.711"/>
</testsuite> <!-- cucumber.TestNGRunner -->
