<?xml version="1.0" encoding="UTF-8"?>
<!-- Generated by org.testng.reporters.JUnitReportReporter -->
<testsuite hostname="Ames-MBP" failures="0" tests="2" name="Training.Tests.SubmitOrderTest" time="45.709" errors="0" timestamp="2024-12-03T00:07:29 SGT" skipped="0">
  <testcase classname="Training.Tests.SubmitOrderTest" name="SubmitOrder" time="24.478"/>
  <testcase classname="Training.Tests.SubmitOrderTest" name="SubmitOrder" time="21.231"/>
</testsuite> <!-- Training.Tests.SubmitOrderTest -->
